{
  "stats": {
    "suites": 1,
    "tests": 6,
    "passes": 6,
    "pending": 0,
    "failures": 0,
    "start": "2025-05-10T04:26:07.419Z",
    "end": "2025-05-10T04:26:23.270Z",
    "duration": 15851,
    "testsRegistered": 6,
    "passPercent": 100,
    "pendingPercent": 0,
    "other": 0,
    "hasOther": false,
    "skipped": 0,
    "hasSkipped": false
  },
  "results": [
    {
      "uuid": "873f52ac-8254-4160-8a10-256d0175be36",
      "title": "",
      "fullFile": "cypress\\e2e\\02-auth.cy.js",
      "file": "cypress\\e2e\\02-auth.cy.js",
      "beforeHooks": [],
      "afterHooks": [],
      "tests": [],
      "suites": [
        {
          "uuid": "542ac889-3675-4239-b376-4b8feba9bb8f",
          "title": "02. Daily Diet - Autenticação de Usuário",
          "fullFile": "",
          "file": "",
          "beforeHooks": [],
          "afterHooks": [],
          "tests": [
            {
              "title": "A01: Deve exibir a página de login corretamente",
              "fullTitle": "02. Daily Diet - Autenticação de Usuário A01: Deve exibir a página de login corretamente",
              "timedOut": null,
              "duration": 3004,
              "state": "passed",
              "speed": "fast",
              "pass": true,
              "fail": false,
              "pending": false,
              "context": null,
              "code": "cy.contains('h2', 'Daily Diet').should('be.visible');\ncy.getByDataTest('email-input').should('be.visible');\ncy.getByDataTest('password-input').should('be.visible');\ncy.getByDataTest('login-button').should('be.visible');",
              "err": {},
              "uuid": "724c7b1a-a11f-415e-b9ca-adbd4abf6165",
              "parentUUID": "542ac889-3675-4239-b376-4b8feba9bb8f",
              "isHook": false,
              "skipped": false
            },
            {
              "title": "A02: Deve alternar entre formulários de login e registro",
              "fullTitle": "02. Daily Diet - Autenticação de Usuário A02: Deve alternar entre formulários de login e registro",
              "timedOut": null,
              "duration": 1370,
              "state": "passed",
              "speed": "fast",
              "pass": true,
              "fail": false,
              "pending": false,
              "context": null,
              "code": "cy.contains('button', 'Criar Conta').click();\ncy.getByDataTest('firstName-input').should('be.visible');\ncy.getByDataTest('lastName-input').should('be.visible');\ncy.contains('button', 'Entrar').click();\ncy.getByDataTest('firstName-input').should('not.exist');",
              "err": {},
              "uuid": "32a157ad-88bf-494a-8032-bf2b7d696a2d",
              "parentUUID": "542ac889-3675-4239-b376-4b8feba9bb8f",
              "isHook": false,
              "skipped": false
            },
            {
              "title": "A03: Deve permitir registro de novo usuário",
              "fullTitle": "02. Daily Diet - Autenticação de Usuário A03: Deve permitir registro de novo usuário",
              "timedOut": null,
              "duration": 3096,
              "state": "passed",
              "speed": "fast",
              "pass": true,
              "fail": false,
              "pending": false,
              "context": null,
              "code": "const randomUser = `teste_${Math.floor(Math.random() * 100000)}@example.com`;\ncy.contains('button', 'Criar Conta').click();\ncy.getByDataTest('email-input').type(randomUser);\ncy.getByDataTest('password-input').type('123456');\ncy.getByDataTest('firstName-input').type('Usuário');\ncy.getByDataTest('lastName-input').type('Teste');\ncy.getByDataTest('signup-button').click();\ncy.url().should('include', '/home', {\n  timeout: 5000\n});",
              "err": {},
              "uuid": "2fb404e7-db7e-4fab-8746-c087d3a20b8a",
              "parentUUID": "542ac889-3675-4239-b376-4b8feba9bb8f",
              "isHook": false,
              "skipped": false
            },
            {
              "title": "A04: Deve permitir login com usuário existente",
              "fullTitle": "02. Daily Diet - Autenticação de Usuário A04: Deve permitir login com usuário existente",
              "timedOut": null,
              "duration": 2316,
              "state": "passed",
              "speed": "fast",
              "pass": true,
              "fail": false,
              "pending": false,
              "context": null,
              "code": "cy.getByDataTest('email-input').type('teste_novo@example.com');\ncy.getByDataTest('password-input').type('123456');\ncy.getByDataTest('login-button').click();\ncy.url().should('include', '/home', {\n  timeout: 5000\n});",
              "err": {},
              "uuid": "61ef808a-f05f-4a3e-909d-bfe5d1e33b64",
              "parentUUID": "542ac889-3675-4239-b376-4b8feba9bb8f",
              "isHook": false,
              "skipped": false
            },
            {
              "title": "A05: Deve mostrar elementos básicos após login",
              "fullTitle": "02. Daily Diet - Autenticação de Usuário A05: Deve mostrar elementos básicos após login",
              "timedOut": null,
              "duration": 3075,
              "state": "passed",
              "speed": "fast",
              "pass": true,
              "fail": false,
              "pending": false,
              "context": null,
              "code": "cy.getByDataTest('email-input').type('teste_novo@example.com');\ncy.getByDataTest('password-input').type('123456');\ncy.getByDataTest('login-button').click();\ncy.url().should('include', '/home', {\n  timeout: 5000\n});\ncy.contains('Daily Diet').should('be.visible');\ncy.contains('Que bom ter você por aqui').should('be.visible');\ncy.getByDataTest('logout-button').should('be.visible');",
              "err": {},
              "uuid": "11d34613-60bd-4163-81af-2627b2406d60",
              "parentUUID": "542ac889-3675-4239-b376-4b8feba9bb8f",
              "isHook": false,
              "skipped": false
            },
            {
              "title": "A06: Deve fazer logout corretamente",
              "fullTitle": "02. Daily Diet - Autenticação de Usuário A06: Deve fazer logout corretamente",
              "timedOut": null,
              "duration": 2390,
              "state": "passed",
              "speed": "fast",
              "pass": true,
              "fail": false,
              "pending": false,
              "context": null,
              "code": "cy.getByDataTest('email-input').type('teste_novo@example.com');\ncy.getByDataTest('password-input').type('123456');\ncy.getByDataTest('login-button').click();\ncy.url().should('include', '/home', {\n  timeout: 5000\n});\ncy.getByDataTest('logout-button').click();\ncy.url().should('include', '/login', {\n  timeout: 5000\n});",
              "err": {},
              "uuid": "ed867286-0fe1-4deb-9d5f-e9dc1a8430b8",
              "parentUUID": "542ac889-3675-4239-b376-4b8feba9bb8f",
              "isHook": false,
              "skipped": false
            }
          ],
          "suites": [],
          "passes": [
            "724c7b1a-a11f-415e-b9ca-adbd4abf6165",
            "32a157ad-88bf-494a-8032-bf2b7d696a2d",
            "2fb404e7-db7e-4fab-8746-c087d3a20b8a",
            "61ef808a-f05f-4a3e-909d-bfe5d1e33b64",
            "11d34613-60bd-4163-81af-2627b2406d60",
            "ed867286-0fe1-4deb-9d5f-e9dc1a8430b8"
          ],
          "failures": [],
          "pending": [],
          "skipped": [],
          "duration": 15251,
          "root": false,
          "rootEmpty": false,
          "_timeout": 2000
        }
      ],
      "passes": [],
      "failures": [],
      "pending": [],
      "skipped": [],
      "duration": 0,
      "root": true,
      "rootEmpty": true,
      "_timeout": 2000
    }
  ],
  "meta": {
    "mocha": {
      "version": "7.2.0"
    },
    "mochawesome": {
      "options": {
        "quiet": false,
        "reportFilename": "mochawesome",
        "saveHtml": true,
        "saveJson": true,
        "consoleReporter": "spec",
        "useInlineDiffs": false,
        "code": true
      },
      "version": "7.1.3"
    },
    "marge": {
      "options": {
        "reportDir": "cypress/reports",
        "overwrite": false,
        "html": true,
        "json": true
      },
      "version": "6.2.0"
    }
  }
}